<?xml version="1.0" encoding="UTF-8"?>
<testng-results skipped="0" failed="0" ignored="0" total="2" passed="2">
  <reporter-output>
  </reporter-output>
  <suite name="Default suite" duration-ms="76" started-at="2018-09-13T05:37:03Z" finished-at="2018-09-13T05:37:03Z">
    <groups>
      <group name="funtionalTest">
        <method signature="TestNG.login2()[pri:0, instance:TestNG.TestNG@735b5592]" name="login2" class="TestNG.TestNG"/>
      </group> <!-- funtionalTest -->
      <group name="smokeTest">
        <method signature="TestNG.login()[pri:0, instance:TestNG.TestNG@735b5592]" name="login" class="TestNG.TestNG"/>
      </group> <!-- smokeTest -->
    </groups>
    <test name="Default test" duration-ms="76" started-at="2018-09-13T05:37:03Z" finished-at="2018-09-13T05:37:03Z">
      <class name="TestNG.TestNG">
        <test-method status="PASS" signature="login()[pri:0, instance:TestNG.TestNG@735b5592]" name="login" duration-ms="22" started-at="2018-09-13T05:37:03Z" finished-at="2018-09-13T05:37:03Z">
          <reporter-output>
          </reporter-output>
        </test-method> <!-- login -->
        <test-method status="PASS" signature="login2()[pri:0, instance:TestNG.TestNG@735b5592]" name="login2" duration-ms="3" started-at="2018-09-13T05:37:03Z" finished-at="2018-09-13T05:37:03Z">
          <reporter-output>
          </reporter-output>
        </test-method> <!-- login2 -->
      </class> <!-- TestNG.TestNG -->
    </test> <!-- Default test -->
  </suite> <!-- Default suite -->
</testng-results>
